<?xml version="1.0" encoding="UTF-8"?>
<!-- Generated by org.testng.reporters.JUnitReportReporter -->
<testsuite hostname="WKC001858117" failures="0" tests="1" name="qa.testscripts.TrivagoTest" time="18.584" errors="0" timestamp="18 Dec 2021 19:11:01 GMT" skipped="0">
  <testcase classname="qa.testscripts.TrivagoTest" name="Test01Trivago" time="18.584"/>
</testsuite> <!-- qa.testscripts.TrivagoTest -->
