<?xml version="1.0" encoding="UTF-8"?>
<!-- Generated by org.testng.reporters.JUnitReportReporter -->
<testsuite hostname="DESKTOP-VO2MJTC" failures="0" tests="1" name="qa.TestScript.TrivagoTest" time="37.620" errors="0" timestamp="26 Feb 2021 18:15:16 GMT" skipped="0">
  <testcase classname="qa.TestScript.TrivagoTest" name="Test01Trivago" time="37.620"/>
</testsuite> <!-- qa.TestScript.TrivagoTest -->
